Jun-01-2022 17:16:35 - [info]: server is running on port 3000
Jun-01-2022 17:26:34 - [info]: server is running on port 3000
Jun-01-2022 17:31:28 - [info]: server is running on port 3000
Jun-01-2022 17:34:42 - [info]: server is running on port 3000
Jun-01-2022 18:24:16 - [info]: server is running on port 3000
Jun-04-2022 13:24:26 - [info]: server is running on port 3000
Jun-04-2022 13:45:35 - [info]: server is running on port 3000
Jun-04-2022 13:50:00 - [debug]: GET /api/ping [200] 191,931 ms
Jun-04-2022 13:50:07 - [debug]: GET /api/logs [200] 24,457 ms
Jun-04-2022 13:50:30 - [debug]: POST /api/register [201] 193,281 ms
Jun-04-2022 13:58:53 - [info]: server is running on port 3000
Jun-04-2022 13:58:58 - [debug]: POST /api/register [201] 53,253 ms
Jun-04-2022 13:59:25 - [debug]: POST /api/register [201] 9,066 ms
Jun-04-2022 14:00:12 - [debug]: POST /api/register [201] 5,764 ms
Jun-04-2022 14:16:00 - [info]: server is running on port 3000
Jun-04-2022 14:16:08 - [debug]: POST /api/register [201] 27,636 ms
Jun-04-2022 14:17:36 - [info]: server is running on port 3000
Jun-04-2022 14:17:38 - [debug]: POST /api/register [201] 32,958 ms
Jun-04-2022 14:18:02 - [info]: server is running on port 3000
Jun-04-2022 14:37:11 - [info]: server is running on port 3000
Jun-04-2022 14:37:19 - [debug]: POST /api/register [201] 38,044 ms
Jun-04-2022 14:37:52 - [info]: server is running on port 3000
Jun-04-2022 14:37:52 - [debug]: POST /api/register [201] 28,619 ms
Jun-04-2022 14:40:41 - [info]: server is running on port 3000
Jun-04-2022 14:40:44 - [debug]: POST /api/register [201] 35,509 ms
Jun-04-2022 14:41:06 - [debug]: POST /api/register [201] 3,92 ms
Jun-04-2022 16:03:27 - [info]: server is running on port 3000
Jun-04-2022 16:03:30 - [debug]: POST /api/register [201] 30,55 ms
Jun-04-2022 16:03:39 - [debug]: POST /api/register [201] 3,176 ms
Jun-04-2022 16:04:04 - [info]: server is running on port 3000
Jun-04-2022 16:04:04 - [debug]: POST /api/register [201] 24,062 ms
Jun-04-2022 16:04:56 - [info]: server is running on port 3000
Jun-04-2022 16:04:59 - [debug]: POST /api/register [201] 23,353 ms
Jun-04-2022 16:13:05 - [info]: server is running on port 3000
Jun-04-2022 16:13:09 - [debug]: POST /api/register [201] 39,13 ms
Jun-04-2022 16:15:15 - [info]: server is running on port 3000
Jun-04-2022 16:15:16 - [debug]: POST /api/register [201] 35,451 ms
Jun-04-2022 16:21:44 - [info]: server is running on port 3000
Jun-04-2022 16:21:49 - [debug]: POST /api/register [201] 112,701 ms
Jun-06-2022 18:51:01 - [info]: server is running on port 3000
Jun-06-2022 18:51:35 - [error]: Unexpected token n in JSON at position 3 - SyntaxError: Unexpected token n in JSON at position 3
    at JSON.parse (<anonymous>)
    at parse (C:\Users\alexs\OneDrive\Área de Trabalho\Selection-Process\node_modules\body-parser\lib\types\json.js:89:19)
    at C:\Users\alexs\OneDrive\Área de Trabalho\Selection-Process\node_modules\body-parser\lib\read.js:128:18
    at AsyncResource.runInAsyncScope (node:async_hooks:201:9)
    at invokeCallback (C:\Users\alexs\OneDrive\Área de Trabalho\Selection-Process\node_modules\raw-body\index.js:231:16)
    at done (C:\Users\alexs\OneDrive\Área de Trabalho\Selection-Process\node_modules\raw-body\index.js:220:7)
    at IncomingMessage.onEnd (C:\Users\alexs\OneDrive\Área de Trabalho\Selection-Process\node_modules\raw-body\index.js:280:7)
    at IncomingMessage.emit (node:events:538:35)
    at IncomingMessage.emit (node:domain:475:12)
    at endReadableNT (node:internal/streams/readable:1345:12) - 400
Jun-06-2022 18:51:35 - [debug]: POST /api/register [400] 47,016 ms
Jun-06-2022 18:53:08 - [error]: Unexpected token n in JSON at position 3 - SyntaxError: Unexpected token n in JSON at position 3
    at JSON.parse (<anonymous>)
    at parse (C:\Users\alexs\OneDrive\Área de Trabalho\Selection-Process\node_modules\body-parser\lib\types\json.js:89:19)
    at C:\Users\alexs\OneDrive\Área de Trabalho\Selection-Process\node_modules\body-parser\lib\read.js:128:18
    at AsyncResource.runInAsyncScope (node:async_hooks:201:9)
    at invokeCallback (C:\Users\alexs\OneDrive\Área de Trabalho\Selection-Process\node_modules\raw-body\index.js:231:16)
    at done (C:\Users\alexs\OneDrive\Área de Trabalho\Selection-Process\node_modules\raw-body\index.js:220:7)
    at IncomingMessage.onEnd (C:\Users\alexs\OneDrive\Área de Trabalho\Selection-Process\node_modules\raw-body\index.js:280:7)
    at IncomingMessage.emit (node:events:538:35)
    at IncomingMessage.emit (node:domain:475:12)
    at endReadableNT (node:internal/streams/readable:1345:12) - 400
Jun-06-2022 18:53:09 - [debug]: POST /api/register [400] 119,041 ms
Jun-06-2022 18:53:38 - [debug]: POST /api/register [201] 249,458 ms
Jun-06-2022 18:54:07 - [info]: server is running on port 3000
Jun-06-2022 18:54:08 - [debug]: POST /api/register [201] 32,613 ms
