Jun-06-2022 18:51:35 - [error]: Unexpected token n in JSON at position 3 - SyntaxError: Unexpected token n in JSON at position 3
    at JSON.parse (<anonymous>)
    at parse (C:\Users\alexs\OneDrive\Área de Trabalho\Selection-Process\node_modules\body-parser\lib\types\json.js:89:19)
    at C:\Users\alexs\OneDrive\Área de Trabalho\Selection-Process\node_modules\body-parser\lib\read.js:128:18
    at AsyncResource.runInAsyncScope (node:async_hooks:201:9)
    at invokeCallback (C:\Users\alexs\OneDrive\Área de Trabalho\Selection-Process\node_modules\raw-body\index.js:231:16)
    at done (C:\Users\alexs\OneDrive\Área de Trabalho\Selection-Process\node_modules\raw-body\index.js:220:7)
    at IncomingMessage.onEnd (C:\Users\alexs\OneDrive\Área de Trabalho\Selection-Process\node_modules\raw-body\index.js:280:7)
    at IncomingMessage.emit (node:events:538:35)
    at IncomingMessage.emit (node:domain:475:12)
    at endReadableNT (node:internal/streams/readable:1345:12) - 400
Jun-06-2022 18:53:08 - [error]: Unexpected token n in JSON at position 3 - SyntaxError: Unexpected token n in JSON at position 3
    at JSON.parse (<anonymous>)
    at parse (C:\Users\alexs\OneDrive\Área de Trabalho\Selection-Process\node_modules\body-parser\lib\types\json.js:89:19)
    at C:\Users\alexs\OneDrive\Área de Trabalho\Selection-Process\node_modules\body-parser\lib\read.js:128:18
    at AsyncResource.runInAsyncScope (node:async_hooks:201:9)
    at invokeCallback (C:\Users\alexs\OneDrive\Área de Trabalho\Selection-Process\node_modules\raw-body\index.js:231:16)
    at done (C:\Users\alexs\OneDrive\Área de Trabalho\Selection-Process\node_modules\raw-body\index.js:220:7)
    at IncomingMessage.onEnd (C:\Users\alexs\OneDrive\Área de Trabalho\Selection-Process\node_modules\raw-body\index.js:280:7)
    at IncomingMessage.emit (node:events:538:35)
    at IncomingMessage.emit (node:domain:475:12)
    at endReadableNT (node:internal/streams/readable:1345:12) - 400
