Jun-04-2022 13:24:26 - [info]: server is running on port 3000
Jun-04-2022 13:45:35 - [info]: server is running on port 3000
Jun-04-2022 13:58:53 - [info]: server is running on port 3000
Jun-04-2022 14:16:00 - [info]: server is running on port 3000
Jun-04-2022 14:17:36 - [info]: server is running on port 3000
Jun-04-2022 14:18:02 - [info]: server is running on port 3000
Jun-04-2022 14:37:11 - [info]: server is running on port 3000
Jun-04-2022 14:37:52 - [info]: server is running on port 3000
Jun-04-2022 14:40:41 - [info]: server is running on port 3000
Jun-04-2022 16:03:27 - [info]: server is running on port 3000
Jun-04-2022 16:04:04 - [info]: server is running on port 3000
Jun-04-2022 16:04:56 - [info]: server is running on port 3000
Jun-04-2022 16:13:05 - [info]: server is running on port 3000
Jun-04-2022 16:15:15 - [info]: server is running on port 3000
Jun-04-2022 16:21:44 - [info]: server is running on port 3000
Jun-06-2022 18:51:01 - [info]: server is running on port 3000
Jun-06-2022 18:51:35 - [error]: Unexpected token n in JSON at position 3 - SyntaxError: Unexpected token n in JSON at position 3
    at JSON.parse (<anonymous>)
    at parse (C:\Users\alexs\OneDrive\Área de Trabalho\Selection-Process\node_modules\body-parser\lib\types\json.js:89:19)
    at C:\Users\alexs\OneDrive\Área de Trabalho\Selection-Process\node_modules\body-parser\lib\read.js:128:18
    at AsyncResource.runInAsyncScope (node:async_hooks:201:9)
    at invokeCallback (C:\Users\alexs\OneDrive\Área de Trabalho\Selection-Process\node_modules\raw-body\index.js:231:16)
    at done (C:\Users\alexs\OneDrive\Área de Trabalho\Selection-Process\node_modules\raw-body\index.js:220:7)
    at IncomingMessage.onEnd (C:\Users\alexs\OneDrive\Área de Trabalho\Selection-Process\node_modules\raw-body\index.js:280:7)
    at IncomingMessage.emit (node:events:538:35)
    at IncomingMessage.emit (node:domain:475:12)
    at endReadableNT (node:internal/streams/readable:1345:12) - 400
Jun-06-2022 18:53:08 - [error]: Unexpected token n in JSON at position 3 - SyntaxError: Unexpected token n in JSON at position 3
    at JSON.parse (<anonymous>)
    at parse (C:\Users\alexs\OneDrive\Área de Trabalho\Selection-Process\node_modules\body-parser\lib\types\json.js:89:19)
    at C:\Users\alexs\OneDrive\Área de Trabalho\Selection-Process\node_modules\body-parser\lib\read.js:128:18
    at AsyncResource.runInAsyncScope (node:async_hooks:201:9)
    at invokeCallback (C:\Users\alexs\OneDrive\Área de Trabalho\Selection-Process\node_modules\raw-body\index.js:231:16)
    at done (C:\Users\alexs\OneDrive\Área de Trabalho\Selection-Process\node_modules\raw-body\index.js:220:7)
    at IncomingMessage.onEnd (C:\Users\alexs\OneDrive\Área de Trabalho\Selection-Process\node_modules\raw-body\index.js:280:7)
    at IncomingMessage.emit (node:events:538:35)
    at IncomingMessage.emit (node:domain:475:12)
    at endReadableNT (node:internal/streams/readable:1345:12) - 400
Jun-06-2022 18:54:07 - [info]: server is running on port 3000
